<?xml version="1.0" encoding="UTF-8"?>
<!-- Generated by org.testng.reporters.JUnitXMLReporter -->
<testsuite hostname="DESKTOP-MKJNNGN" name="Test" tests="2" failures="1" timestamp="16 Mar 2022 04:58:12 GMT" time="18.58" errors="0">
  <testcase name="login" time="0.226" classname="com.Admin.AddProduct"/>
  <testcase name="addProduct" time="15.098" classname="com.Admin.AddProduct">
    <failure type="org.openqa.selenium.NoSuchElementException" message="Unable to find element with locator By.xpath: /html[1]/body[1]/app-root[1]/div[1]/aside[1]/app-product-category-menu[1]/div[1]/nav[1]/ul[1]/li[8]/button[1]
For documentation on this error, please visit: https://selenium.dev/exceptions/#no_such_element
Build info: version: &amp;apos;4.1.2&amp;apos;, revision: &amp;apos;9a5a329c5a&amp;apos;
System info: host: &amp;apos;DESKTOP-MKJNNGN&amp;apos;, ip: &amp;apos;172.30.224.1&amp;apos;, os.name: &amp;apos;Windows 10&amp;apos;, os.arch: &amp;apos;amd64&amp;apos;, os.version: &amp;apos;10.0&amp;apos;, java.version: &amp;apos;1.8.0_311&amp;apos;
Driver info: driver.version: RemoteWebDriver">
      <![CDATA[org.openqa.selenium.NoSuchElementException: Unable to find element with locator By.xpath: /html[1]/body[1]/app-root[1]/div[1]/aside[1]/app-product-category-menu[1]/div[1]/nav[1]/ul[1]/li[8]/button[1]
For documentation on this error, please visit: https://selenium.dev/exceptions/#no_such_element
Build info: version: '4.1.2', revision: '9a5a329c5a'
System info: host: 'DESKTOP-MKJNNGN', ip: '172.30.224.1', os.name: 'Windows 10', os.arch: 'amd64', os.version: '10.0', java.version: '1.8.0_311'
Driver info: driver.version: RemoteWebDriver
	at org.openqa.selenium.remote.ElementLocation$ElementFinder$2.findElement(ElementLocation.java:165)
	at org.openqa.selenium.remote.ElementLocation.findElement(ElementLocation.java:60)
	at org.openqa.selenium.remote.RemoteWebDriver.findElement(RemoteWebDriver.java:382)
	at org.openqa.selenium.remote.RemoteWebDriver.findElement(RemoteWebDriver.java:374)
	at com.Admin.AddProduct.addProduct(AddProduct.java:53)
... Removed 25 stack frames]]>
    </failure>
  </testcase> <!-- addProduct -->
</testsuite> <!-- Test -->
